2024-03-16 13:51:16,054:INFO:Data for TITAN saved to data/TITAN_2024-03-16.json
2024-03-16 13:51:17,365:INFO:Data for MARUTI saved to data/MARUTI_2024-03-16.json
2024-03-16 13:51:18,389:INFO:Data for ULTRACEMCO saved to data/ULTRACEMCO_2024-03-16.json
2024-03-16 13:51:19,847:INFO:Data for NESTLEIND saved to data/NESTLEIND_2024-03-16.json
2024-03-16 13:51:20,974:INFO:Data for APOLLOHOSP saved to data/APOLLOHOSP_2024-03-16.json
2024-03-16 13:51:23,129:INFO:Data for ITC saved to data/ITC_2024-03-16.json
2024-03-16 13:51:24,049:INFO:Data for HEROMOTOCO saved to data/HEROMOTOCO_2024-03-16.json
2024-03-16 13:51:25,559:INFO:Data for LT saved to data/LT_2024-03-16.json
2024-03-16 13:51:26,787:INFO:Data for BRITANNIA saved to data/BRITANNIA_2024-03-16.json
2024-03-16 13:51:27,953:INFO:Data for POWERGRID saved to data/POWERGRID_2024-03-16.json
2024-03-16 13:51:29,266:INFO:Data for ASIANPAINT saved to data/ASIANPAINT_2024-03-16.json
2024-03-16 13:51:30,264:INFO:Data for SBILIFE saved to data/SBILIFE_2024-03-16.json
2024-03-16 13:51:31,547:INFO:Data for ICICIBANK saved to data/ICICIBANK_2024-03-16.json
2024-03-16 13:51:32,650:INFO:Data for ADANIPORTS saved to data/ADANIPORTS_2024-03-16.json
2024-03-16 13:51:33,770:INFO:Data for ADANIENT saved to data/ADANIENT_2024-03-16.json
2024-03-16 13:51:36,081:INFO:Data for EICHERMOT saved to data/EICHERMOT_2024-03-16.json
2024-03-16 13:51:37,785:INFO:Data for TCS saved to data/TCS_2024-03-16.json
2024-03-16 13:51:38,899:INFO:Data for TATACONSUM saved to data/TATACONSUM_2024-03-16.json
2024-03-16 13:51:39,973:INFO:Data for COALINDIA saved to data/COALINDIA_2024-03-16.json
2024-03-16 13:51:41,220:INFO:Data for BAJFINANCE saved to data/BAJFINANCE_2024-03-16.json
2024-03-16 13:51:42,317:INFO:Data for DIVISLAB saved to data/DIVISLAB_2024-03-16.json
2024-03-16 13:51:43,366:INFO:Data for AXISBANK saved to data/AXISBANK_2024-03-16.json
2024-03-16 13:51:44,463:INFO:Data for HINDUNILVR saved to data/HINDUNILVR_2024-03-16.json
2024-03-16 13:51:46,870:INFO:Data for BHARTIARTL saved to data/BHARTIARTL_2024-03-16.json
2024-03-16 13:51:47,990:INFO:Data for BAJAJ-AUTO saved to data/BAJAJ-AUTO_2024-03-16.json
2024-03-16 13:51:49,369:INFO:Data for RELIANCE saved to data/RELIANCE_2024-03-16.json
2024-03-16 13:51:51,436:INFO:Data for SUNPHARMA saved to data/SUNPHARMA_2024-03-16.json
2024-03-16 13:51:52,364:INFO:Data for GRASIM saved to data/GRASIM_2024-03-16.json
2024-03-16 13:51:53,095:INFO:Data for SBIN saved to data/SBIN_2024-03-16.json
2024-03-16 13:51:54,367:INFO:Data for JSWSTEEL saved to data/JSWSTEEL_2024-03-16.json
2024-03-16 13:51:55,350:INFO:Data for ONGC saved to data/ONGC_2024-03-16.json
2024-03-16 13:51:56,186:INFO:Data for TATAMOTORS saved to data/TATAMOTORS_2024-03-16.json
2024-03-16 13:51:57,040:INFO:Data for TECHM saved to data/TECHM_2024-03-16.json
2024-03-16 13:51:59,264:INFO:Data for DRREDDY saved to data/DRREDDY_2024-03-16.json
2024-03-16 13:52:00,134:INFO:Data for NTPC saved to data/NTPC_2024-03-16.json
2024-03-16 13:52:01,295:INFO:Data for WIPRO saved to data/WIPRO_2024-03-16.json
2024-03-16 13:52:04,082:INFO:Data for INFY saved to data/INFY_2024-03-16.json
2024-03-16 13:52:05,572:INFO:Data for BAJAJFINSV saved to data/BAJAJFINSV_2024-03-16.json
2024-03-16 13:52:07,243:INFO:Data for HDFCLIFE saved to data/HDFCLIFE_2024-03-16.json
2024-03-16 13:52:08,292:INFO:Data for BPCL saved to data/BPCL_2024-03-16.json
2024-03-16 13:52:09,867:INFO:Data for HCLTECH saved to data/HCLTECH_2024-03-16.json
2024-03-16 13:52:11,345:INFO:Data for CIPLA saved to data/CIPLA_2024-03-16.json
2024-03-16 13:52:12,317:INFO:Data for M&M saved to data/M&M_2024-03-16.json
2024-03-16 13:52:13,289:INFO:Data for KOTAKBANK saved to data/KOTAKBANK_2024-03-16.json
2024-03-16 13:52:16,042:INFO:Data for UPL saved to data/UPL_2024-03-16.json
2024-03-16 13:52:17,775:INFO:Data for TATASTEEL saved to data/TATASTEEL_2024-03-16.json
2024-03-16 13:52:19,027:INFO:Data for HINDALCO saved to data/HINDALCO_2024-03-16.json
2024-03-16 13:52:20,041:INFO:Data for INDUSINDBK saved to data/INDUSINDBK_2024-03-16.json
2024-03-16 13:52:22,430:INFO:Data for HDFC saved to data/HDFC_2024-03-16.json
2024-03-16 13:52:24,314:INFO:Data for HDFCBANK saved to data/HDFCBANK_2024-03-16.json
2024-03-16 13:52:26,164:INFO:Data for AUBANK saved to data/AUBANK_2024-03-16.json
2024-03-16 13:52:26,165:INFO:Data file data/SBIN_2024-03-16.json already exists. Skipping fetch for SBIN.
2024-03-16 13:52:27,317:INFO:Data for IDFCFIRSTB saved to data/IDFCFIRSTB_2024-03-16.json
2024-03-16 13:52:28,946:INFO:Data for BANKBARODA saved to data/BANKBARODA_2024-03-16.json
2024-03-16 13:52:31,726:INFO:Data for PNB saved to data/PNB_2024-03-16.json
2024-03-16 13:52:31,727:INFO:Data file data/HDFCBANK_2024-03-16.json already exists. Skipping fetch for HDFCBANK.
2024-03-16 13:52:31,727:INFO:Data file data/KOTAKBANK_2024-03-16.json already exists. Skipping fetch for KOTAKBANK.
2024-03-16 13:52:31,727:INFO:Data file data/INDUSINDBK_2024-03-16.json already exists. Skipping fetch for INDUSINDBK.
2024-03-16 13:52:33,006:INFO:Data for FEDERALBNK saved to data/FEDERALBNK_2024-03-16.json
2024-03-16 13:52:33,007:INFO:Data file data/AXISBANK_2024-03-16.json already exists. Skipping fetch for AXISBANK.
2024-03-16 13:52:34,253:INFO:Data for BANDHANBNK saved to data/BANDHANBNK_2024-03-16.json
2024-03-16 13:52:34,254:INFO:Data file data/ICICIBANK_2024-03-16.json already exists. Skipping fetch for ICICIBANK.
2024-03-16 13:52:36,232:INFO:Data for TORNTPHARM saved to data/TORNTPHARM_2024-03-16.json
2024-03-16 13:52:38,124:INFO:Data for PGHH saved to data/PGHH_2024-03-16.json
2024-03-16 13:52:39,184:INFO:Data for INDIGO saved to data/INDIGO_2024-03-16.json
2024-03-16 13:52:40,780:INFO:Data for DMART saved to data/DMART_2024-03-16.json
2024-03-16 13:52:42,093:INFO:Data for JINDALSTEL saved to data/JINDALSTEL_2024-03-16.json
2024-03-16 13:52:43,059:INFO:Data for MARICO saved to data/MARICO_2024-03-16.json
2024-03-16 13:52:44,718:INFO:Data for VEDL saved to data/VEDL_2024-03-16.json
2024-03-16 13:52:45,553:INFO:Data for ZYDUSLIFE saved to data/ZYDUSLIFE_2024-03-16.json
2024-03-16 13:52:46,414:INFO:Data for AMBUJACEM saved to data/AMBUJACEM_2024-03-16.json
2024-03-16 13:52:47,423:INFO:Data for SHREECEM saved to data/SHREECEM_2024-03-16.json
2024-03-16 13:52:52,256:INFO:Data for SIEMENS saved to data/SIEMENS_2024-03-16.json
2024-03-16 13:52:53,445:INFO:Data for SBICARD saved to data/SBICARD_2024-03-16.json
2024-03-16 13:52:58,369:INFO:Data for NAUKRI saved to data/NAUKRI_2024-03-16.json
2024-03-16 13:53:00,724:INFO:Data for MUTHOOTFIN saved to data/MUTHOOTFIN_2024-03-16.json
2024-03-16 13:53:02,467:INFO:Data for LICI saved to data/LICI_2024-03-16.json
2024-03-16 13:53:04,145:INFO:Data for MCDOWELL-N saved to data/MCDOWELL-N_2024-03-16.json
2024-03-16 13:53:04,146:INFO:Data file data/PNB_2024-03-16.json already exists. Skipping fetch for PNB.
2024-03-16 13:53:04,146:INFO:Data file data/BANKBARODA_2024-03-16.json already exists. Skipping fetch for BANKBARODA.
2024-03-16 13:53:05,798:INFO:Data for TRENT saved to data/TRENT_2024-03-16.json
2024-03-16 13:53:07,037:INFO:Data for ICICIPRULI saved to data/ICICIPRULI_2024-03-16.json
2024-03-16 13:53:07,961:INFO:Data for COLPAL saved to data/COLPAL_2024-03-16.json
2024-03-16 13:53:08,751:INFO:Data for ADANIGREEN saved to data/ADANIGREEN_2024-03-16.json
2024-03-16 13:53:09,878:INFO:Data for CANBK saved to data/CANBK_2024-03-16.json
2024-03-16 13:53:11,232:INFO:Data for TATAPOWER saved to data/TATAPOWER_2024-03-16.json
2024-03-16 13:53:15,729:INFO:Data for IOC saved to data/IOC_2024-03-16.json
2024-03-16 13:53:19,878:INFO:Data for ABB saved to data/ABB_2024-03-16.json
2024-03-16 13:53:20,832:INFO:Data for DABUR saved to data/DABUR_2024-03-16.json
2024-03-16 13:53:22,010:INFO:Data for TVSMOTOR saved to data/TVSMOTOR_2024-03-16.json
2024-03-16 13:53:23,256:INFO:Data for BERGEPAINT saved to data/BERGEPAINT_2024-03-16.json
2024-03-16 13:53:24,114:INFO:Data for DLF saved to data/DLF_2024-03-16.json
2024-03-16 13:53:25,675:INFO:Data for BOSCHLTD saved to data/BOSCHLTD_2024-03-16.json
2024-03-16 13:53:26,842:INFO:Data for GODREJCP saved to data/GODREJCP_2024-03-16.json
2024-03-16 13:53:28,425:INFO:Data for SRF saved to data/SRF_2024-03-16.json
2024-03-16 13:53:30,496:INFO:Data for BEL saved to data/BEL_2024-03-16.json
2024-03-16 13:53:34,848:INFO:Data for ADANIENSOL saved to data/ADANIENSOL_2024-03-16.json
2024-03-16 13:53:36,151:INFO:Data for PIDILITIND saved to data/PIDILITIND_2024-03-16.json
2024-03-16 13:53:38,372:INFO:Data for MOTHERSON saved to data/MOTHERSON_2024-03-16.json
2024-03-16 13:53:40,660:INFO:Data for IRCTC saved to data/IRCTC_2024-03-16.json
2024-03-16 13:53:42,796:INFO:Data for AWL saved to data/AWL_2024-03-16.json
2024-03-16 13:53:45,025:INFO:Data for GAIL saved to data/GAIL_2024-03-16.json
2024-03-16 13:53:49,408:INFO:Data for ZOMATO saved to data/ZOMATO_2024-03-16.json
2024-03-16 13:53:50,335:INFO:Data for HAVELLS saved to data/HAVELLS_2024-03-16.json
2024-03-16 13:53:54,861:INFO:Data for ICICIGI saved to data/ICICIGI_2024-03-16.json
2024-03-16 13:53:58,888:INFO:Data for CHOLAFIN saved to data/CHOLAFIN_2024-03-16.json
2024-03-16 13:54:03,556:INFO:Data for PIIND saved to data/PIIND_2024-03-16.json
2024-03-16 13:54:09,787:INFO:Data for HAL saved to data/HAL_2024-03-16.json
2024-03-16 13:54:34,562:INFO:Data for BAJAJHLDNG saved to data/BAJAJHLDNG_2024-03-16.json
2024-03-16 13:54:37,177:INFO:Data for ATGL saved to data/ATGL_2024-03-16.json
2024-03-16 13:54:38,549:INFO:Data for VBL saved to data/VBL_2024-03-16.json
2024-03-16 13:54:39,658:INFO:Data for SHRIRAMFIN saved to data/SHRIRAMFIN_2024-03-16.json
